<?xml version="1.0" encoding="UTF-8"?>
<!-- Generated by org.testng.reporters.JUnitXMLReporter -->
<testsuite ignored="0" hostname="DESKTOP-0PS28PF" failures="1" tests="1" name="Surefire test" time="23.652" errors="0" timestamp="2026-05-07T11:11:49 EEST">
  <testcase classname="tests.HotelSearchTest" name="hotelSearchFilterAndBooking" time="13.022">
    <failure type="org.openqa.selenium.ElementClickInterceptedException" message="element click intercepted: Element &amp;lt;div @click=&amp;quot;open = !open&amp;quot; class=&amp;quot;input cursor-pointer flex items-center justify-between&amp;quot;&amp;gt;...&amp;lt;/div&amp;gt; is not clickable at point (346, 322). Other element would receive the click: &amp;lt;div @click=&amp;quot;selectDestination(d)&amp;quot; class=&amp;quot;p-2.5 hover:bg-gray-50 cursor-pointer border-b border-gray-100 last:border-b-0 transition-colors&amp;quot;&amp;gt;...&amp;lt;/div&amp;gt;
  (Session info: chrome=147.0.7727.138)
Build info: version: &amp;apos;4.18.1&amp;apos;, revision: &amp;apos;b1d3319b48&amp;apos;
System info: os.name: &amp;apos;Windows 11&amp;apos;, os.arch: &amp;apos;amd64&amp;apos;, os.version: &amp;apos;10.0&amp;apos;, java.version: &amp;apos;26&amp;apos;
Driver info: org.openqa.selenium.chrome.ChromeDriver
Command: [7f3f695ba826087fabca9acfd135c4ef, clickElement {id=f.4CE7EBED152AEF661768E9607977E60D.d.D5FA0C3A474290966AB2BBE4CA36B7FB.e.594}]
Capabilities {acceptInsecureCerts: false, browserName: chrome, browserVersion: 147.0.7727.138, chrome: {chromedriverVersion: 147.0.7727.117 (474cc805edd..., userDataDir: C:\Users\shahd\AppData\Loca...}, fedcm:accounts: true, goog:chromeOptions: {debuggerAddress: localhost:63079}, goog:processID: 33712, networkConnectionEnabled: false, pageLoadStrategy: normal, platformName: windows, proxy: Proxy(), se:cdp: ws://localhost:63079/devtoo..., se:cdpVersion: 147.0.7727.138, setWindowRect: true, strictFileInteractability: false, timeouts: {implicit: 0, pageLoad: 300000, script: 30000}, unhandledPromptBehavior: dismiss and notify, webauthn:extension:credBlob: true, webauthn:extension:largeBlob: true, webauthn:extension:minPinLength: true, webauthn:extension:prf: true, webauthn:virtualAuthenticators: true}
Element: [[ChromeDriver: chrome on windows (7f3f695ba826087fabca9acfd135c4ef)] -&amp;gt; css selector: [x-data*=&amp;apos;guestsRoomsDropdown&amp;apos;] .input.cursor-pointer]
Session ID: 7f3f695ba826087fabca9acfd135c4ef">
      <![CDATA[org.openqa.selenium.ElementClickInterceptedException: element click intercepted: Element <div @click="open = !open" class="input cursor-pointer flex items-center justify-between">...</div> is not clickable at point (346, 322). Other element would receive the click: <div @click="selectDestination(d)" class="p-2.5 hover:bg-gray-50 cursor-pointer border-b border-gray-100 last:border-b-0 transition-colors">...</div>
  (Session info: chrome=147.0.7727.138)
Build info: version: '4.18.1', revision: 'b1d3319b48'
System info: os.name: 'Windows 11', os.arch: 'amd64', os.version: '10.0', java.version: '26'
Driver info: org.openqa.selenium.chrome.ChromeDriver
Command: [7f3f695ba826087fabca9acfd135c4ef, clickElement {id=f.4CE7EBED152AEF661768E9607977E60D.d.D5FA0C3A474290966AB2BBE4CA36B7FB.e.594}]
Capabilities {acceptInsecureCerts: false, browserName: chrome, browserVersion: 147.0.7727.138, chrome: {chromedriverVersion: 147.0.7727.117 (474cc805edd..., userDataDir: C:\Users\shahd\AppData\Loca...}, fedcm:accounts: true, goog:chromeOptions: {debuggerAddress: localhost:63079}, goog:processID: 33712, networkConnectionEnabled: false, pageLoadStrategy: normal, platformName: windows, proxy: Proxy(), se:cdp: ws://localhost:63079/devtoo..., se:cdpVersion: 147.0.7727.138, setWindowRect: true, strictFileInteractability: false, timeouts: {implicit: 0, pageLoad: 300000, script: 30000}, unhandledPromptBehavior: dismiss and notify, webauthn:extension:credBlob: true, webauthn:extension:largeBlob: true, webauthn:extension:minPinLength: true, webauthn:extension:prf: true, webauthn:virtualAuthenticators: true}
Element: [[ChromeDriver: chrome on windows (7f3f695ba826087fabca9acfd135c4ef)] -> css selector: [x-data*='guestsRoomsDropdown'] .input.cursor-pointer]
Session ID: 7f3f695ba826087fabca9acfd135c4ef
at org.openqa.selenium.remote.ErrorCodec.decode(ErrorCodec.java:167)
at org.openqa.selenium.remote.codec.w3c.W3CHttpResponseCodec.decode(W3CHttpResponseCodec.java:138)
at org.openqa.selenium.remote.codec.w3c.W3CHttpResponseCodec.decode(W3CHttpResponseCodec.java:50)
at org.openqa.selenium.remote.HttpCommandExecutor.execute(HttpCommandExecutor.java:190)
at org.openqa.selenium.remote.service.DriverCommandExecutor.invokeExecute(DriverCommandExecutor.java:216)
at org.openqa.selenium.remote.service.DriverCommandExecutor.execute(DriverCommandExecutor.java:174)
at org.openqa.selenium.remote.RemoteWebDriver.execute(RemoteWebDriver.java:519)
at org.openqa.selenium.remote.RemoteWebElement.execute(RemoteWebElement.java:223)
at org.openqa.selenium.remote.RemoteWebElement.click(RemoteWebElement.java:76)
at pages.HotelPage.openGuestsDropdown(HotelPage.java:216)
at tests.HotelSearchTest.hotelSearchFilterAndBooking(HotelSearchTest.java:90)
at java.base/java.util.ArrayList.forEach(ArrayList.java:1612)
... Removed 33 stack frames]]>
    </failure>
  </testcase> <!-- hotelSearchFilterAndBooking -->
</testsuite> <!-- Surefire test -->
